\BOOKMARK [0][-]{chapter*.1}{\376\377\000A\000b\000s\000t\000r\000a\000c\000t}{}% 1
\BOOKMARK [0][-]{chapter*.2}{\376\377\000A\000c\000k\000n\000o\000w\000l\000e\000d\000g\000e\000m\000e\000n\000t}{}% 2
\BOOKMARK [0][-]{chapter*.4}{\376\377\000L\000i\000s\000t\000\040\000o\000f\000\040\000T\000a\000b\000l\000e\000s}{}% 3
\BOOKMARK [0][-]{chapter*.5}{\376\377\000L\000i\000s\000t\000\040\000o\000f\000\040\000F\000i\000g\000u\000r\000e\000s}{}% 4
\BOOKMARK [0][-]{chapter.1}{\376\377\000C\000h\000a\000p\000t\000e\000r\000\040\000I\000n\000t\000r\000o\000d\000u\000c\000t\000i\000o\000n}{}% 5
\BOOKMARK [1][-]{section.1.1}{\376\377\000B\000a\000c\000k\000g\000r\000o\000u\000n\000d}{chapter.1}% 6
\BOOKMARK [1][-]{section.1.2}{\376\377\000P\000r\000o\000b\000l\000e\000m\000\040\000S\000t\000a\000t\000e\000m\000e\000n\000t}{chapter.1}% 7
\BOOKMARK [1][-]{section.1.3}{\376\377\000S\000o\000l\000u\000t\000i\000o\000n\000\040\000O\000v\000e\000r\000v\000i\000e\000w}{chapter.1}% 8
\BOOKMARK [2][-]{subsection.1.3.1}{\376\377\000F\000e\000a\000t\000u\000r\000e\000s}{section.1.3}% 9
\BOOKMARK [1][-]{section.1.4}{\376\377\000T\000a\000r\000g\000e\000t\000\040\000U\000s\000e\000r}{chapter.1}% 10
\BOOKMARK [1][-]{section.1.5}{\376\377\000B\000e\000n\000e\000f\000i\000t}{chapter.1}% 11
\BOOKMARK [1][-]{section.1.6}{\376\377\000T\000e\000r\000m\000i\000n\000o\000l\000o\000g\000y}{chapter.1}% 12
\BOOKMARK [0][-]{chapter.2}{\376\377\000C\000h\000a\000p\000t\000e\000r\000\040\000L\000i\000t\000e\000r\000a\000t\000u\000r\000e\000\040\000R\000e\000v\000i\000e\000w\000\040\000a\000n\000d\000\040\000R\000e\000l\000a\000t\000e\000d\000\040\000W\000o\000r\000k}{}% 13
\BOOKMARK [1][-]{section.2.1}{\376\377\000C\000o\000m\000p\000e\000t\000i\000t\000o\000r\000\040\000A\000n\000a\000l\000y\000s\000i\000s}{chapter.2}% 14
\BOOKMARK [1][-]{section.2.2}{\376\377\000L\000i\000t\000e\000r\000a\000t\000u\000r\000e\000\040\000R\000e\000v\000i\000e\000w}{chapter.2}% 15
\BOOKMARK [0][-]{chapter.3}{\376\377\000C\000h\000a\000p\000t\000e\000r\000\040\000R\000e\000q\000u\000i\000r\000e\000m\000e\000n\000t\000\040\000A\000n\000a\000l\000y\000s\000i\000s}{}% 16
\BOOKMARK [1][-]{section.3.1}{\376\377\000S\000t\000a\000k\000e\000h\000o\000l\000d\000e\000r\000\040\000A\000n\000a\000l\000y\000s\000i\000s}{chapter.3}% 17
\BOOKMARK [1][-]{section.3.2}{\376\377\000U\000s\000e\000r\000\040\000S\000t\000o\000r\000i\000e\000s}{chapter.3}% 18
\BOOKMARK [1][-]{section.3.3}{\376\377\000U\000s\000e\000\040\000C\000a\000s\000e\000\040\000D\000i\000a\000g\000r\000a\000m}{chapter.3}% 19
\BOOKMARK [1][-]{section.3.4}{\376\377\000U\000s\000e\000\040\000C\000a\000s\000e\000\040\000M\000o\000d\000e\000l}{chapter.3}% 20
\BOOKMARK [1][-]{section.3.5}{\376\377\000U\000s\000e\000r\000\040\000I\000n\000t\000e\000r\000f\000a\000c\000e\000\040\000D\000e\000s\000i\000g\000n}{chapter.3}% 21
\BOOKMARK [0][-]{chapter.4}{\376\377\000C\000h\000a\000p\000t\000e\000r\000\040\000S\000o\000f\000t\000w\000a\000r\000e\000\040\000A\000r\000c\000h\000i\000t\000e\000c\000t\000u\000r\000e\000\040\000D\000e\000s\000i\000g\000n}{}% 22
\BOOKMARK [1][-]{section.4.1}{\376\377\000D\000o\000m\000a\000i\000n\000\040\000M\000o\000d\000e\000l}{chapter.4}% 23
\BOOKMARK [1][-]{section.4.2}{\376\377\000D\000e\000s\000i\000g\000n\000\040\000C\000l\000a\000s\000s\000\040\000D\000i\000a\000g\000r\000a\000m}{chapter.4}% 24
\BOOKMARK [1][-]{section.4.3}{\376\377\000S\000e\000q\000u\000e\000n\000c\000e\000\040\000D\000i\000a\000g\000r\000a\000m}{chapter.4}% 25
\BOOKMARK [1][-]{section.4.4}{\376\377\000A\000l\000g\000o\000r\000i\000t\000h\000m}{chapter.4}% 26
\BOOKMARK [1][-]{section.4.5}{\376\377\000A\000I\000\040\000c\000o\000m\000p\000o\000n\000e\000n\000t}{chapter.4}% 27
\BOOKMARK [2][-]{subsection.4.5.1}{\376\377\000F\000e\000a\000t\000u\000r\000e\000\040\0001\000:\000\040\000E\000m\000e\000r\000g\000e\000n\000c\000y\000\040\000V\000o\000i\000c\000e\000\040\000T\000r\000a\000n\000s\000c\000r\000i\000p\000t\000i\000o\000n\000\040\000S\000e\000r\000v\000i\000c\000e}{section.4.5}% 28
\BOOKMARK [2][-]{subsection.4.5.2}{\376\377\000F\000e\000a\000t\000u\000r\000e\000\040\0002\000:\000\040\000C\000o\000n\000t\000e\000x\000t\000u\000a\000l\000\040\000E\000m\000e\000r\000g\000e\000n\000c\000y\000\040\000G\000u\000i\000d\000a\000n\000c\000e\000\040\000G\000e\000n\000e\000r\000a\000t\000i\000o\000n}{section.4.5}% 29
\BOOKMARK [2][-]{subsection.4.5.3}{\376\377\000F\000e\000a\000t\000u\000r\000e\000\040\0003\000:\000\040\000T\000e\000x\000t\000-\000t\000o\000-\000S\000p\000e\000e\000c\000h\000\040\000f\000o\000r\000\040\000G\000u\000i\000d\000a\000n\000c\000e}{section.4.5}% 30
\BOOKMARK [2][-]{subsection.4.5.4}{\376\377\000F\000e\000a\000t\000u\000r\000e\000\040\0005\000:\000\040\000P\000h\000o\000n\000e\000\040\000O\000p\000e\000r\000a\000t\000o\000r\000\040\000G\000e\000n\000e\000r\000a\000t\000i\000o\000n}{section.4.5}% 31
\BOOKMARK [0][-]{chapter.5}{\376\377\000C\000h\000a\000p\000t\000e\000r\000\040\000A\000I\000\040\000C\000o\000m\000p\000o\000n\000e\000n\000t\000\040\000D\000e\000s\000i\000g\000n}{}% 32
\BOOKMARK [1][-]{section.5.1}{\376\377\000B\000u\000s\000i\000n\000e\000s\000s\000\040\000C\000o\000n\000t\000e\000x\000t\000\040\000\046\000\040\000A\000I\000\040\000i\000n\000t\000e\000g\000r\000a\000t\000i\000o\000n}{chapter.5}% 33
\BOOKMARK [2][-]{subsection.5.1.1}{\376\377\000E\000m\000e\000r\000g\000e\000n\000c\000y\000\040\000V\000o\000i\000c\000e\000\040\000T\000r\000a\000n\000s\000c\000r\000i\000p\000t\000i\000o\000n\000\040\000S\000e\000r\000v\000i\000c\000e}{section.5.1}% 34
\BOOKMARK [2][-]{subsection.5.1.2}{\376\377\000C\000o\000n\000t\000e\000x\000t\000u\000a\000l\000\040\000E\000m\000e\000r\000g\000e\000n\000c\000y\000\040\000G\000u\000i\000d\000a\000n\000c\000e\000\040\000G\000e\000n\000e\000r\000a\000t\000i\000o\000n}{section.5.1}% 35
\BOOKMARK [2][-]{subsection.5.1.3}{\376\377\000T\000e\000x\000t\000-\000t\000o\000-\000s\000p\000e\000e\000c\000h\000\040\000f\000o\000r\000\040\000g\000u\000i\000d\000a\000n\000c\000e\000\040\000\050\000T\000T\000S\000\051}{section.5.1}% 36
\BOOKMARK [2][-]{subsection.5.1.4}{\376\377\000P\000h\000o\000n\000e\000\040\000O\000p\000e\000r\000a\000t\000o\000r\000\040\000G\000e\000n\000e\000r\000a\000t\000i\000o\000n}{section.5.1}% 37
\BOOKMARK [1][-]{section.5.2}{\376\377\000G\000o\000a\000l\000\040\000H\000i\000e\000r\000a\000r\000c\000h\000y}{chapter.5}% 38
\BOOKMARK [2][-]{subsection.5.2.1}{\376\377\000E\000m\000e\000r\000g\000e\000n\000c\000y\000\040\000V\000o\000i\000c\000e\000\040\000T\000r\000a\000n\000s\000c\000r\000i\000p\000t\000i\000o\000n\000\040\000S\000e\000r\000v\000i\000c\000e}{section.5.2}% 39
\BOOKMARK [2][-]{subsection.5.2.2}{\376\377\000C\000o\000n\000t\000e\000x\000t\000u\000a\000l\000\040\000E\000m\000e\000r\000g\000e\000n\000c\000y\000\040\000G\000u\000i\000d\000a\000n\000c\000e\000\040\000G\000e\000n\000e\000r\000a\000t\000i\000o\000n}{section.5.2}% 40
\BOOKMARK [2][-]{subsection.5.2.3}{\376\377\000T\000e\000x\000t\000-\000t\000o\000-\000s\000p\000e\000e\000c\000h\000\040\000f\000o\000r\000\040\000g\000u\000i\000d\000a\000n\000c\000e}{section.5.2}% 41
\BOOKMARK [2][-]{subsection.5.2.4}{\376\377\000P\000h\000o\000n\000e\000\040\000O\000p\000e\000r\000a\000t\000o\000r\000\040\000G\000e\000n\000e\000r\000a\000t\000i\000o\000n}{section.5.2}% 42
\BOOKMARK [1][-]{section.5.3}{\376\377\000T\000a\000s\000k\000\040\000R\000e\000q\000u\000i\000r\000e\000m\000e\000n\000t\000s\000\040\000A\000n\000a\000l\000y\000s\000i\000s\000\040\000u\000s\000i\000n\000g\000\040\000A\000I\000\040\000C\000a\000n\000v\000a\000s}{chapter.5}% 43
\BOOKMARK [2][-]{subsection.5.3.1}{\376\377\000A\000I\000\040\000T\000a\000s\000k\000\040\000R\000e\000q\000u\000i\000r\000e\000m\000e\000n\000t\000s\000:}{section.5.3}% 44
\BOOKMARK [1][-]{section.5.4}{\376\377\000U\000s\000e\000r\000\040\000E\000x\000p\000e\000r\000i\000e\000n\000c\000e\000\040\000D\000e\000s\000i\000g\000n\000\040\000w\000i\000t\000h\000\040\000A\000I}{chapter.5}% 45
\BOOKMARK [0][-]{chapter.6}{\376\377\000C\000h\000a\000p\000t\000e\000r\000\040\000D\000e\000l\000i\000v\000e\000r\000a\000b\000l\000e}{}% 46
\BOOKMARK [1][-]{section.6.1}{\376\377\000S\000o\000f\000t\000w\000a\000r\000e\000\040\000S\000o\000l\000u\000t\000i\000o\000n}{chapter.6}% 47
\BOOKMARK [1][-]{section.6.2}{\376\377\000T\000e\000s\000t\000\040\000R\000e\000p\000o\000r\000t}{chapter.6}% 48
\BOOKMARK [0][-]{chapter.7}{\376\377\000C\000h\000a\000p\000t\000e\000r\000\040\000C\000o\000n\000c\000l\000u\000s\000i\000o\000n\000\040\000a\000n\000d\000\040\000D\000i\000s\000c\000u\000s\000s\000i\000o\000n}{}% 49
\BOOKMARK [0][-]{chapter*.23}{\376\377\000A\000p\000p\000e\000n\000d\000i\000x\000\040\000A\000:\000\040\000E\000x\000a\000m\000p\000l\000e}{}% 50
\BOOKMARK [0][-]{chapter*.24}{\376\377\000A\000p\000p\000e\000n\000d\000i\000x\000\040\000B\000:\000\040\000A\000b\000o\000u\000t\000\040\000L\000a\000T\000e\000X}{}% 51
