This is pdfTeX, Version 3.141592653-2.6-1.40.26 (TeX Live 2024) (preloaded format=pdflatex 2025.3.8)  8 MAY 2025 22:24
entering extended mode
 restricted \write18 enabled.
 file:line:error style messages enabled.
 %&-line parsing enabled.
**/Users/amyworawalan/ByStander-SRS/document.tex
(/Users/amyworawalan/ByStander-SRS/document.tex
LaTeX2e <2023-11-01> patch level 1
L3 programming layer <2024-02-20>
(/usr/local/texlive/2024/texmf-dist/tex/latex/base/report.cls
Document Class: report 2023/05/17 v1.4n Standard LaTeX document class
(/usr/local/texlive/2024/texmf-dist/tex/latex/base/size10.clo
File: size10.clo 2023/05/17 v1.4n Standard LaTeX file (size option)
)
\c@part=\count188
\c@chapter=\count189
\c@section=\count190
\c@subsection=\count191
\c@subsubsection=\count192
\c@paragraph=\count193
\c@subparagraph=\count194
\c@figure=\count195
\c@table=\count196
\abovecaptionskip=\skip48
\belowcaptionskip=\skip49
\bibindent=\dimen140
) (./skesrsstyles.sty (/usr/local/texlive/2024/texmf-dist/tex/latex/geometry/geometry.sty
Package: geometry 2020/01/02 v5.9 Page Geometry
 (/usr/local/texlive/2024/texmf-dist/tex/latex/graphics/keyval.sty
Package: keyval 2022/05/29 v1.15 key=value parser (DPC)
\KV@toks@=\toks17
) (/usr/local/texlive/2024/texmf-dist/tex/generic/iftex/ifvtex.sty
Package: ifvtex 2019/10/25 v1.7 ifvtex legacy package. Use iftex instead.
 (/usr/local/texlive/2024/texmf-dist/tex/generic/iftex/iftex.sty
Package: iftex 2022/02/03 v1.0f TeX engine tests
))
\Gm@cnth=\count197
\Gm@cntv=\count198
\c@Gm@tempcnt=\count199
\Gm@bindingoffset=\dimen141
\Gm@wd@mp=\dimen142
\Gm@odd@mp=\dimen143
\Gm@even@mp=\dimen144
\Gm@layoutwidth=\dimen145
\Gm@layoutheight=\dimen146
\Gm@layouthoffset=\dimen147
\Gm@layoutvoffset=\dimen148
\Gm@dimlist=\toks18
) (/usr/local/texlive/2024/texmf-dist/tex/latex/fancyhdr/fancyhdr.sty
Package: fancyhdr 2022/11/09 v4.1 Extensive control of page headers and footers
\f@nch@headwidth=\skip50
\f@nch@O@elh=\skip51
\f@nch@O@erh=\skip52
\f@nch@O@olh=\skip53
\f@nch@O@orh=\skip54
\f@nch@O@elf=\skip55
\f@nch@O@erf=\skip56
\f@nch@O@olf=\skip57
\f@nch@O@orf=\skip58
)) (/usr/local/texlive/2024/texmf-dist/tex/latex/base/inputenc.sty
Package: inputenc 2021/02/14 v1.3d Input encoding file
\inpenc@prehook=\toks19
\inpenc@posthook=\toks20
) (/usr/local/texlive/2024/texmf-dist/tex/latex/base/fontenc.sty
Package: fontenc 2021/04/29 v2.0v Standard LaTeX package
) (/usr/local/texlive/2024/texmf-dist/tex/latex/psnfss/mathptmx.sty
Package: mathptmx 2020/03/25 PSNFSS-v9.3 Times w/ Math, improved (SPQR, WaS) 
LaTeX Font Info:    Redeclaring symbol font `operators' on input line 28.
LaTeX Font Info:    Overwriting symbol font `operators' in version `normal'
(Font)                  OT1/cmr/m/n --> OT1/ztmcm/m/n on input line 28.
LaTeX Font Info:    Overwriting symbol font `operators' in version `bold'
(Font)                  OT1/cmr/bx/n --> OT1/ztmcm/m/n on input line 28.
LaTeX Font Info:    Redeclaring symbol font `letters' on input line 29.
LaTeX Font Info:    Overwriting symbol font `letters' in version `normal'
(Font)                  OML/cmm/m/it --> OML/ztmcm/m/it on input line 29.
LaTeX Font Info:    Overwriting symbol font `letters' in version `bold'
(Font)                  OML/cmm/b/it --> OML/ztmcm/m/it on input line 29.
LaTeX Font Info:    Redeclaring symbol font `symbols' on input line 30.
LaTeX Font Info:    Overwriting symbol font `symbols' in version `normal'
(Font)                  OMS/cmsy/m/n --> OMS/ztmcm/m/n on input line 30.
LaTeX Font Info:    Overwriting symbol font `symbols' in version `bold'
(Font)                  OMS/cmsy/b/n --> OMS/ztmcm/m/n on input line 30.
LaTeX Font Info:    Redeclaring symbol font `largesymbols' on input line 31.
LaTeX Font Info:    Overwriting symbol font `largesymbols' in version `normal'
(Font)                  OMX/cmex/m/n --> OMX/ztmcm/m/n on input line 31.
LaTeX Font Info:    Overwriting symbol font `largesymbols' in version `bold'
(Font)                  OMX/cmex/m/n --> OMX/ztmcm/m/n on input line 31.
\symbold=\mathgroup4
\symitalic=\mathgroup5
LaTeX Font Info:    Redeclaring math alphabet \mathbf on input line 34.
LaTeX Font Info:    Overwriting math alphabet `\mathbf' in version `normal'
(Font)                  OT1/cmr/bx/n --> OT1/ptm/bx/n on input line 34.
LaTeX Font Info:    Overwriting math alphabet `\mathbf' in version `bold'
(Font)                  OT1/cmr/bx/n --> OT1/ptm/bx/n on input line 34.
LaTeX Font Info:    Redeclaring math alphabet \mathit on input line 35.
LaTeX Font Info:    Overwriting math alphabet `\mathit' in version `normal'
(Font)                  OT1/cmr/m/it --> OT1/ptm/m/it on input line 35.
LaTeX Font Info:    Overwriting math alphabet `\mathit' in version `bold'
(Font)                  OT1/cmr/bx/it --> OT1/ptm/m/it on input line 35.
LaTeX Info: Redefining \hbar on input line 50.
) (/usr/local/texlive/2024/texmf-dist/tex/latex/hyperref/hyperref.sty
Package: hyperref 2024-01-20 v7.01h Hypertext links for LaTeX
 (/usr/local/texlive/2024/texmf-dist/tex/latex/kvsetkeys/kvsetkeys.sty
Package: kvsetkeys 2022-10-05 v1.19 Key value parser (HO)
) (/usr/local/texlive/2024/texmf-dist/tex/generic/kvdefinekeys/kvdefinekeys.sty
Package: kvdefinekeys 2019-12-19 v1.6 Define keys (HO)
) (/usr/local/texlive/2024/texmf-dist/tex/generic/pdfescape/pdfescape.sty
Package: pdfescape 2019/12/09 v1.15 Implements pdfTeX's escape features (HO)
 (/usr/local/texlive/2024/texmf-dist/tex/generic/ltxcmds/ltxcmds.sty
Package: ltxcmds 2023-12-04 v1.26 LaTeX kernel commands for general use (HO)
) (/usr/local/texlive/2024/texmf-dist/tex/generic/pdftexcmds/pdftexcmds.sty
Package: pdftexcmds 2020-06-27 v0.33 Utility functions of pdfTeX for LuaTeX (HO)
 (/usr/local/texlive/2024/texmf-dist/tex/generic/infwarerr/infwarerr.sty
Package: infwarerr 2019/12/03 v1.5 Providing info/warning/error messages (HO)
)
Package pdftexcmds Info: \pdf@primitive is available.
Package pdftexcmds Info: \pdf@ifprimitive is available.
Package pdftexcmds Info: \pdfdraftmode found.
)) (/usr/local/texlive/2024/texmf-dist/tex/latex/hycolor/hycolor.sty
Package: hycolor 2020-01-27 v1.10 Color options for hyperref/bookmark (HO)
) (/usr/local/texlive/2024/texmf-dist/tex/latex/auxhook/auxhook.sty
Package: auxhook 2019-12-17 v1.6 Hooks for auxiliary files (HO)
) (/usr/local/texlive/2024/texmf-dist/tex/latex/hyperref/nameref.sty
Package: nameref 2023-11-26 v2.56 Cross-referencing by name of section
 (/usr/local/texlive/2024/texmf-dist/tex/latex/refcount/refcount.sty
Package: refcount 2019/12/15 v3.6 Data extraction from label references (HO)
) (/usr/local/texlive/2024/texmf-dist/tex/generic/gettitlestring/gettitlestring.sty
Package: gettitlestring 2019/12/15 v1.6 Cleanup title references (HO)
 (/usr/local/texlive/2024/texmf-dist/tex/latex/kvoptions/kvoptions.sty
Package: kvoptions 2022-06-15 v3.15 Key value format for package options (HO)
))
\c@section@level=\count266
) (/usr/local/texlive/2024/texmf-dist/tex/latex/etoolbox/etoolbox.sty
Package: etoolbox 2020/10/05 v2.5k e-TeX tools for LaTeX (JAW)
\etb@tempcnta=\count267
)
\@linkdim=\dimen149
\Hy@linkcounter=\count268
\Hy@pagecounter=\count269
 (/usr/local/texlive/2024/texmf-dist/tex/latex/hyperref/pd1enc.def
File: pd1enc.def 2024-01-20 v7.01h Hyperref: PDFDocEncoding definition (HO)
Now handling font encoding PD1 ...
... no UTF-8 mapping file for font encoding PD1
) (/usr/local/texlive/2024/texmf-dist/tex/generic/intcalc/intcalc.sty
Package: intcalc 2019/12/15 v1.3 Expandable calculations with integers (HO)
)
\Hy@SavedSpaceFactor=\count270
 (/usr/local/texlive/2024/texmf-dist/tex/latex/hyperref/puenc.def
File: puenc.def 2024-01-20 v7.01h Hyperref: PDF Unicode definition (HO)
Now handling font encoding PU ...
... no UTF-8 mapping file for font encoding PU
)
Package hyperref Info: Hyper figures OFF on input line 4179.
Package hyperref Info: Link nesting OFF on input line 4184.
Package hyperref Info: Hyper index ON on input line 4187.
Package hyperref Info: Plain pages OFF on input line 4194.
Package hyperref Info: Backreferencing OFF on input line 4199.
Package hyperref Info: Implicit mode ON; LaTeX internals redefined.
Package hyperref Info: Bookmarks ON on input line 4446.
\c@Hy@tempcnt=\count271
 (/usr/local/texlive/2024/texmf-dist/tex/latex/url/url.sty
\Urlmuskip=\muskip16
Package: url 2013/09/16  ver 3.4  Verb mode for urls, etc.
)
LaTeX Info: Redefining \url on input line 4784.
\XeTeXLinkMargin=\dimen150
 (/usr/local/texlive/2024/texmf-dist/tex/generic/bitset/bitset.sty
Package: bitset 2019/12/09 v1.3 Handle bit-vector datatype (HO)
 (/usr/local/texlive/2024/texmf-dist/tex/generic/bigintcalc/bigintcalc.sty
Package: bigintcalc 2019/12/15 v1.5 Expandable calculations on big integers (HO)
))
\Fld@menulength=\count272
\Field@Width=\dimen151
\Fld@charsize=\dimen152
Package hyperref Info: Hyper figures OFF on input line 6063.
Package hyperref Info: Link nesting OFF on input line 6068.
Package hyperref Info: Hyper index ON on input line 6071.
Package hyperref Info: backreferencing OFF on input line 6078.
Package hyperref Info: Link coloring OFF on input line 6083.
Package hyperref Info: Link coloring with OCG OFF on input line 6088.
Package hyperref Info: PDF/A mode OFF on input line 6093.
 (/usr/local/texlive/2024/texmf-dist/tex/latex/base/atbegshi-ltx.sty
Package: atbegshi-ltx 2021/01/10 v1.0c Emulation of the original atbegshi
package with kernel methods
)
\Hy@abspage=\count273
\c@Item=\count274
\c@Hfootnote=\count275
)
Package hyperref Info: Driver (autodetected): hpdftex.
 (/usr/local/texlive/2024/texmf-dist/tex/latex/hyperref/hpdftex.def
File: hpdftex.def 2024-01-20 v7.01h Hyperref driver for pdfTeX
 (/usr/local/texlive/2024/texmf-dist/tex/latex/base/atveryend-ltx.sty
Package: atveryend-ltx 2020/08/19 v1.0a Emulation of the original atveryend package
with kernel methods
)
\Fld@listcount=\count276
\c@bookmark@seq@number=\count277
 (/usr/local/texlive/2024/texmf-dist/tex/latex/rerunfilecheck/rerunfilecheck.sty
Package: rerunfilecheck 2022-07-10 v1.10 Rerun checks for auxiliary files (HO)
 (/usr/local/texlive/2024/texmf-dist/tex/generic/uniquecounter/uniquecounter.sty
Package: uniquecounter 2019/12/15 v1.4 Provide unlimited unique counter (HO)
)
Package uniquecounter Info: New unique counter `rerunfilecheck' on input line 285.
)
\Hy@SectionHShift=\skip59
) (/usr/local/texlive/2024/texmf-dist/tex/latex/microtype/microtype.sty
Package: microtype 2023/03/13 v3.1a Micro-typographical refinements (RS)
\MT@toks=\toks21
\MT@tempbox=\box51
\MT@count=\count278
LaTeX Info: Redefining \noprotrusionifhmode on input line 1059.
LaTeX Info: Redefining \leftprotrusion on input line 1060.
\MT@prot@toks=\toks22
LaTeX Info: Redefining \rightprotrusion on input line 1078.
LaTeX Info: Redefining \textls on input line 1368.
\MT@outer@kern=\dimen153
LaTeX Info: Redefining \textmicrotypecontext on input line 1988.
\MT@listname@count=\count279
 (/usr/local/texlive/2024/texmf-dist/tex/latex/microtype/microtype-pdftex.def
File: microtype-pdftex.def 2023/03/13 v3.1a Definitions specific to pdftex (RS)
LaTeX Info: Redefining \lsstyle on input line 902.
LaTeX Info: Redefining \lslig on input line 902.
\MT@outer@space=\skip60
)
Package microtype Info: Loading configuration file microtype.cfg.
 (/usr/local/texlive/2024/texmf-dist/tex/latex/microtype/microtype.cfg
File: microtype.cfg 2023/03/13 v3.1a microtype main configuration file (RS)
)) (/usr/local/texlive/2024/texmf-dist/tex/latex/cleveref/cleveref.sty
Package: cleveref 2018/03/27 v0.21.4 Intelligent cross-referencing
Package cleveref Info: `hyperref' support loaded on input line 2370.
LaTeX Info: Redefining \cref on input line 2370.
LaTeX Info: Redefining \Cref on input line 2370.
LaTeX Info: Redefining \crefrange on input line 2370.
LaTeX Info: Redefining \Crefrange on input line 2370.
LaTeX Info: Redefining \cpageref on input line 2370.
LaTeX Info: Redefining \Cpageref on input line 2370.
LaTeX Info: Redefining \cpagerefrange on input line 2370.
LaTeX Info: Redefining \Cpagerefrange on input line 2370.
LaTeX Info: Redefining \labelcref on input line 2370.
LaTeX Info: Redefining \labelcpageref on input line 2370.
) (/usr/local/texlive/2024/texmf-dist/tex/latex/graphics/graphicx.sty
Package: graphicx 2021/09/16 v1.2d Enhanced LaTeX Graphics (DPC,SPQR)
 (/usr/local/texlive/2024/texmf-dist/tex/latex/graphics/graphics.sty
Package: graphics 2022/03/10 v1.4e Standard LaTeX Graphics (DPC,SPQR)
 (/usr/local/texlive/2024/texmf-dist/tex/latex/graphics/trig.sty
Package: trig 2021/08/11 v1.11 sin cos tan (DPC)
) (/usr/local/texlive/2024/texmf-dist/tex/latex/graphics-cfg/graphics.cfg
File: graphics.cfg 2016/06/04 v1.11 sample graphics configuration
)
Package graphics Info: Driver file: pdftex.def on input line 107.
 (/usr/local/texlive/2024/texmf-dist/tex/latex/graphics-def/pdftex.def
File: pdftex.def 2022/09/22 v1.2b Graphics/color driver for pdftex
))
\Gin@req@height=\dimen154
\Gin@req@width=\dimen155
) (/usr/local/texlive/2024/texmf-dist/tex/latex/tools/tabularx.sty
Package: tabularx 2023/07/08 v2.11c `tabularx' package (DPC)
 (/usr/local/texlive/2024/texmf-dist/tex/latex/tools/array.sty
Package: array 2023/10/16 v2.5g Tabular extension package (FMi)
\col@sep=\dimen156
\ar@mcellbox=\box52
\extrarowheight=\dimen157
\NC@list=\toks23
\extratabsurround=\skip61
\backup@length=\skip62
\ar@cellbox=\box53
)
\TX@col@width=\dimen158
\TX@old@table=\dimen159
\TX@old@col=\dimen160
\TX@target=\dimen161
\TX@delta=\dimen162
\TX@cols=\count280
\TX@ftn=\toks24
) (/usr/local/texlive/2024/texmf-dist/tex/latex/tools/indentfirst.sty
Package: indentfirst 2023/07/02 v1.03 Indent first paragraph (DPC)
) (/usr/local/texlive/2024/texmf-dist/tex/latex/enumitem/enumitem.sty
Package: enumitem 2019/06/20 v3.9 Customized lists
\labelindent=\skip63
\enit@outerparindent=\dimen163
\enit@toks=\toks25
\enit@inbox=\box54
\enit@count@id=\count281
\enitdp@description=\count282
) (/usr/local/texlive/2024/texmf-dist/tex/latex/tools/longtable.sty
Package: longtable 2023-11-01 v4.19 Multi-page Table package (DPC)
\LTleft=\skip64
\LTright=\skip65
\LTpre=\skip66
\LTpost=\skip67
\LTchunksize=\count283
\LTcapwidth=\dimen164
\LT@head=\box55
\LT@firsthead=\box56
\LT@foot=\box57
\LT@lastfoot=\box58
\LT@gbox=\box59
\LT@cols=\count284
\LT@rows=\count285
\c@LT@tables=\count286
\c@LT@chunks=\count287
\LT@p@ftn=\toks26
) (/usr/local/texlive/2024/texmf-dist/tex/latex/booktabs/booktabs.sty
Package: booktabs 2020/01/12 v1.61803398 Publication quality tables
\heavyrulewidth=\dimen165
\lightrulewidth=\dimen166
\cmidrulewidth=\dimen167
\belowrulesep=\dimen168
\belowbottomsep=\dimen169
\aboverulesep=\dimen170
\abovetopsep=\dimen171
\cmidrulesep=\dimen172
\cmidrulekern=\dimen173
\defaultaddspace=\dimen174
\@cmidla=\count288
\@cmidlb=\count289
\@aboverulesep=\dimen175
\@belowrulesep=\dimen176
\@thisruleclass=\count290
\@lastruleclass=\count291
\@thisrulewidth=\dimen177
)
LaTeX Font Info:    Trying to load font information for T1+ptm on input line 39.
 (/usr/local/texlive/2024/texmf-dist/tex/latex/psnfss/t1ptm.fd
File: t1ptm.fd 2001/06/04 font definitions for T1/ptm.
) (/usr/local/texlive/2024/texmf-dist/tex/latex/l3backend/l3backend-pdftex.def
File: l3backend-pdftex.def 2024-02-20 L3 backend support: PDF output (pdfTeX)
\l__color_backend_stack_int=\count292
\l__pdf_internal_box=\box60
) (./document.aux (./partials/cover.aux) (./partials/innercover.aux) (./body/abstract.aux) (./body/acknowledgement.aux) (./body/introduction.aux) (./body/relatedworks.aux) (./body/requirementanalysis.aux) (./body/softwarearchitecture.aux) (./body/softwaredevelopment.aux) (./body/deliverable.aux) (./body/discussion.aux) (./body/appendices.aux))
\openout1 = `document.aux'.

LaTeX Font Info:    Checking defaults for OML/cmm/m/it on input line 39.
LaTeX Font Info:    ... okay on input line 39.
LaTeX Font Info:    Checking defaults for OMS/cmsy/m/n on input line 39.
LaTeX Font Info:    ... okay on input line 39.
LaTeX Font Info:    Checking defaults for OT1/cmr/m/n on input line 39.
LaTeX Font Info:    ... okay on input line 39.
LaTeX Font Info:    Checking defaults for T1/cmr/m/n on input line 39.
LaTeX Font Info:    ... okay on input line 39.
LaTeX Font Info:    Checking defaults for TS1/cmr/m/n on input line 39.
LaTeX Font Info:    ... okay on input line 39.
LaTeX Font Info:    Checking defaults for OMX/cmex/m/n on input line 39.
LaTeX Font Info:    ... okay on input line 39.
LaTeX Font Info:    Checking defaults for U/cmr/m/n on input line 39.
LaTeX Font Info:    ... okay on input line 39.
LaTeX Font Info:    Checking defaults for PD1/pdf/m/n on input line 39.
LaTeX Font Info:    ... okay on input line 39.
LaTeX Font Info:    Checking defaults for PU/pdf/m/n on input line 39.
LaTeX Font Info:    ... okay on input line 39.

*geometry* driver: auto-detecting
*geometry* detected driver: pdftex
*geometry* verbose mode - [ preamble ] result:
* driver: pdftex
* paper: a4paper
* layout: <same size as paper>
* layoutoffset:(h,v)=(0.0pt,0.0pt)
* modes: 
* h-part:(L,W,R)=(89.62709pt, 418.25368pt, 89.6271pt)
* v-part:(T,H,B)=(101.40665pt, 591.5302pt, 152.11pt)
* \paperwidth=597.50787pt
* \paperheight=845.04684pt
* \textwidth=418.25368pt
* \textheight=591.5302pt
* \oddsidemargin=17.3571pt
* \evensidemargin=17.3571pt
* \topmargin=-7.86334pt
* \headheight=12.0pt
* \headsep=25.0pt
* \topskip=10.0pt
* \footskip=30.0pt
* \marginparwidth=65.0pt
* \marginparsep=11.0pt
* \columnsep=10.0pt
* \skip\footins=9.0pt plus 4.0pt minus 2.0pt
* \hoffset=0.0pt
* \voffset=0.0pt
* \mag=1000
* \@twocolumnfalse
* \@twosidefalse
* \@mparswitchfalse
* \@reversemarginfalse
* (1in=72.27pt=25.4mm, 1cm=28.453pt)

*geometry* verbose mode - [ newgeometry ] result:
* driver: pdftex
* paper: a4paper
* layout: <same size as paper>
* layoutoffset:(h,v)=(0.0pt,0.0pt)
* modes: 
* h-part:(L,W,R)=(108.405pt, 416.83289pt, 72.26999pt)
* v-part:(T,H,B)=(108.405pt, 664.37186pt, 72.26999pt)
* \paperwidth=597.50787pt
* \paperheight=845.04684pt
* \textwidth=416.83289pt
* \textheight=664.37186pt
* \oddsidemargin=36.13501pt
* \evensidemargin=36.13501pt
* \topmargin=-0.86499pt
* \headheight=12.0pt
* \headsep=25.0pt
* \topskip=10.0pt
* \footskip=30.0pt
* \marginparwidth=65.0pt
* \marginparsep=11.0pt
* \columnsep=10.0pt
* \skip\footins=9.0pt plus 4.0pt minus 2.0pt
* \hoffset=0.0pt
* \voffset=0.0pt
* \mag=1000
* \@twocolumnfalse
* \@twosidefalse
* \@mparswitchfalse
* \@reversemarginfalse
* (1in=72.27pt=25.4mm, 1cm=28.453pt)

\big@size=\dimen178
Package hyperref Info: Link coloring OFF on input line 39.
(./document.out) (./document.out)
\@outlinefile=\write3
\openout3 = `document.out'.

LaTeX Info: Redefining \microtypecontext on input line 39.
Package microtype Info: Applying patch `item' on input line 39.
Package microtype Info: Applying patch `toc' on input line 39.
Package microtype Info: Applying patch `eqnum' on input line 39.
Package microtype Info: Applying patch `footnote' on input line 39.
Package microtype Info: Applying patch `verbatim' on input line 39.
Package microtype Info: Generating PDF output.
Package microtype Info: Character protrusion enabled (level 2).
Package microtype Info: Using default protrusion set `alltext'.
Package microtype Info: Automatic font expansion enabled (level 2),
(microtype)             stretch: 20, shrink: 20, step: 1, non-selected.
Package microtype Info: Using default expansion set `alltext-nott'.
LaTeX Info: Redefining \showhyphens on input line 39.
Package microtype Info: No adjustment of tracking.
Package microtype Info: No adjustment of interword spacing.
Package microtype Info: No adjustment of character kerning.
 (/usr/local/texlive/2024/texmf-dist/tex/latex/microtype/mt-ptm.cfg
File: mt-ptm.cfg 2006/04/20 v1.7 microtype config. file: Times (RS)
) (/usr/local/texlive/2024/texmf-dist/tex/context/base/mkii/supp-pdf.mkii
[Loading MPS to PDF converter (version 2006.09.02).]
\scratchcounter=\count293
\scratchdimen=\dimen179
\scratchbox=\box61
\nofMPsegments=\count294
\nofMParguments=\count295
\everyMPshowfont=\toks27
\MPscratchCnt=\count296
\MPscratchDim=\dimen180
\MPnumerator=\count297
\makeMPintoPDFobject=\count298
\everyMPtoPDFconversion=\toks28
) (/usr/local/texlive/2024/texmf-dist/tex/latex/epstopdf-pkg/epstopdf-base.sty
Package: epstopdf-base 2020-01-24 v2.11 Base part for package epstopdf
Package epstopdf-base Info: Redefining graphics rule for `.eps' on input line 485.
 (/usr/local/texlive/2024/texmf-dist/tex/latex/latexconfig/epstopdf-sys.cfg
File: epstopdf-sys.cfg 2010/07/13 v1.3 Configuration of (r)epstopdf for TeX Live
))
\openout2 = `partials/cover.aux'.

 (./partials/cover.tex
*geometry* verbose mode - [ newgeometry ] result:
* driver: pdftex
* paper: a4paper
* layout: <same size as paper>
* layoutoffset:(h,v)=(0.0pt,0.0pt)
* modes: 
* h-part:(L,W,R)=(72.26999pt, 452.9679pt, 72.26999pt)
* v-part:(T,H,B)=(72.26999pt, 700.50687pt, 72.26999pt)
* \paperwidth=597.50787pt
* \paperheight=845.04684pt
* \textwidth=452.9679pt
* \textheight=700.50687pt
* \oddsidemargin=0.0pt
* \evensidemargin=0.0pt
* \topmargin=-37.0pt
* \headheight=12.0pt
* \headsep=25.0pt
* \topskip=10.0pt
* \footskip=30.0pt
* \marginparwidth=65.0pt
* \marginparsep=11.0pt
* \columnsep=10.0pt
* \skip\footins=9.0pt plus 4.0pt minus 2.0pt
* \hoffset=0.0pt
* \voffset=0.0pt
* \mag=1000
* \@twocolumnfalse
* \@twosidefalse
* \@mparswitchfalse
* \@reversemarginfalse
* (1in=72.27pt=25.4mm, 1cm=28.453pt)

<assets/ku/symbol.png, id=209, 308.352pt x 308.352pt>
File: assets/ku/symbol.png Graphic file (type png)
<use assets/ku/symbol.png>
Package pdftex.def Info: assets/ku/symbol.png  used on input line 5.
(pdftex.def)             Requested size: 122.85876pt x 122.85869pt.
 [1




{/usr/local/texlive/2024/texmf-var/fonts/map/pdftex/updmap/pdftex.map}{/usr/local/texlive/2024/texmf-dist/fonts/enc/dvips/base/8r.enc} <./assets/ku/symbol.png>])
\openout2 = `partials/innercover.aux'.

 (./partials/innercover.tex
*geometry* verbose mode - [ newgeometry ] result:
* driver: pdftex
* paper: a4paper
* layout: <same size as paper>
* layoutoffset:(h,v)=(0.0pt,0.0pt)
* modes: 
* h-part:(L,W,R)=(72.26999pt, 452.9679pt, 72.26999pt)
* v-part:(T,H,B)=(108.405pt, 664.37186pt, 72.26999pt)
* \paperwidth=597.50787pt
* \paperheight=845.04684pt
* \textwidth=452.9679pt
* \textheight=664.37186pt
* \oddsidemargin=0.0pt
* \evensidemargin=0.0pt
* \topmargin=-0.86499pt
* \headheight=12.0pt
* \headsep=25.0pt
* \topskip=10.0pt
* \footskip=30.0pt
* \marginparwidth=65.0pt
* \marginparsep=11.0pt
* \columnsep=10.0pt
* \skip\footins=9.0pt plus 4.0pt minus 2.0pt
* \hoffset=0.0pt
* \voffset=0.0pt
* \mag=1000
* \@twocolumnfalse
* \@twosidefalse
* \@mparswitchfalse
* \@reversemarginfalse
* (1in=72.27pt=25.4mm, 1cm=28.453pt)

 (/usr/local/texlive/2024/texmf-dist/tex/latex/psnfss/ot1ztmcm.fd) (/usr/local/texlive/2024/texmf-dist/tex/latex/psnfss/omlztmcm.fd) (/usr/local/texlive/2024/texmf-dist/tex/latex/psnfss/omsztmcm.fd) (/usr/local/texlive/2024/texmf-dist/tex/latex/psnfss/omxztmcm.fd) (/usr/local/texlive/2024/texmf-dist/tex/latex/psnfss/ot1ptm.fd)
Underfull \hbox (badness 10000) in alignment at lines 39--39
[][] 
 []


Overfull \hbox (15.0pt too wide) in paragraph at lines 39--40
[][] 
 []

[2





])
\openout2 = `body/abstract.aux'.

 (./body/abstract.tex) [1




]
\openout2 = `body/acknowledgement.aux'.

 (./body/acknowledgement.tex) [2



] (./document.toc [3


] [4])
\tf@toc=\write4
\openout4 = `document.toc'.

 [5] (./document.lot)
\tf@lot=\write5
\openout5 = `document.lot'.

 [6] (./document.lof)
\tf@lof=\write6
\openout6 = `document.lof'.

 [7]
\openout2 = `body/introduction.aux'.

 (./body/introduction.tex
Chapter 1.

Underfull \vbox (badness 3838) has occurred while \output is active []


pdfTeX warning (ext4): destination with the same identifier (name{page.1}) has been already used, duplicate ignored
<to be read again> 
                   \relax 
l.15 I
      n emergency situations, time is a decisive factor—a difference of ju... [1


]
pdfTeX warning (ext4): destination with the same identifier (name{page.2}) has been already used, duplicate ignored
<to be read again> 
                   \relax 
l.27 
      [2] [3] [4] [5]) [6]
\openout2 = `body/relatedworks.aux'.

 (./body/relatedworks.tex
Chapter 2.
[7



]
Underfull \hbox (badness 1281) in paragraph at lines 39--39
[]|\T1/ptm/b/n/14.4 (+20) First Aid by
 []


Underfull \hbox (badness 10000) in paragraph at lines 39--39
\T1/ptm/b/n/14.4 (+20) Amer-i-can
 []


Underfull \hbox (badness 10000) in paragraph at lines 39--39
[]|\T1/ptm/b/n/14.4 (+20) Emergency+
 []


Underfull \hbox (badness 3354) in paragraph at lines 39--40
[]|\T1/ptm/b/n/14.4 (+20) JS100 Ap-pli-
 []


Overfull \hbox (2.64601pt too wide) in paragraph at lines 41--41
[]|\T1/ptm/m/n/14.4 (-20) Comprehensive
 []


Underfull \hbox (badness 10000) in paragraph at lines 41--41
[]|\T1/ptm/m/n/14.4 (+20) Detailed
 []


Underfull \hbox (badness 10000) in paragraph at lines 41--41
\T1/ptm/m/n/14.4 (+20) but static
 []


Underfull \hbox (badness 10000) in paragraph at lines 43--43
[]|\T1/ptm/b/n/14.4 (+20) Emergency
 []


Underfull \hbox (badness 1259) in paragraph at lines 43--43
[]|\T1/ptm/m/n/14.4 (+20) Manual se-lec-
 []


Underfull \hbox (badness 10000) in paragraph at lines 43--44
[]|\T1/ptm/m/n/14.4 (+20) One-button
 []


Underfull \hbox (badness 10000) in paragraph at lines 45--45
[]|\T1/ptm/b/n/14.4 (+20) Location-
 []


Underfull \hbox (badness 10000) in paragraph at lines 45--45
\T1/ptm/b/n/14.4 (+20) Based Rout-
 []


Underfull \hbox (badness 4181) in paragraph at lines 45--46
[]|\T1/ptm/m/n/14.4 (+20) GPS lo-ca-tion
 []


Underfull \hbox (badness 10000) in paragraph at lines 47--47
[]|\T1/ptm/m/n/14.4 (+20) Personalized
 []


Underfull \hbox (badness 10000) in paragraph at lines 47--47
\T1/ptm/m/n/14.4 (+20) guid-ance
 []


Underfull \hbox (badness 10000) in paragraph at lines 47--47
\T1/ptm/m/n/14.4 (+20) based on
 []


Underfull \hbox (badness 10000) in paragraph at lines 47--47
\T1/ptm/m/n/14.4 (+20) emer-gency
 []


Underfull \hbox (badness 7851) in paragraph at lines 49--49
[]|\T1/ptm/b/n/14.4 (+20) Panic De-tec-
 []


Underfull \hbox (badness 10000) in paragraph at lines 49--50
[]|\T1/ptm/m/n/14.4 (+20) SOS but-ton
 []


Underfull \hbox (badness 10000) in paragraph at lines 51--51
[]|\T1/ptm/b/n/14.4 (+20) Step-by-
 []


Underfull \hbox (badness 10000) in paragraph at lines 51--51
\T1/ptm/b/n/14.4 (+20) Step Cri-sis
 []


Underfull \hbox (badness 10000) in paragraph at lines 51--51
\T1/ptm/m/n/14.4 (+20) to sit-u-a-tion
 []


Underfull \hbox (badness 1953) in paragraph at lines 51--51
[]|\T1/ptm/m/n/14.4 (+20) Static in-struc-
 []


Underfull \hbox (badness 10000) in paragraph at lines 53--53
[]|\T1/ptm/b/n/14.4 (+20) Community
 []


Underfull \hbox (badness 10000) in paragraph at lines 53--53
[]|\T1/ptm/m/n/14.4 (+20) Localized
 []


Underfull \hbox (badness 10000) in paragraph at lines 53--53
\T1/ptm/m/n/14.4 (+20) guid-ance
 []


Underfull \hbox (badness 6188) in paragraph at lines 53--53
\T1/ptm/m/n/14.4 (+20) from ver-i-fied
 []


Underfull \hbox (badness 10000) in paragraph at lines 55--55
[]|\T1/ptm/b/n/14.4 (+20) Stress-
 []


Underfull \hbox (badness 10000) in paragraph at lines 55--55
\T1/ptm/b/n/14.4 (+20) Resistant
 []


Underfull \hbox (badness 10000) in paragraph at lines 55--55
[]|\T1/ptm/m/n/14.4 (+20) Specifically
 []


Underfull \hbox (badness 10000) in paragraph at lines 55--55
\T1/ptm/m/n/14.4 (+20) de-signed for
 []


Underfull \hbox (badness 10000) in paragraph at lines 55--55
\T1/ptm/m/n/14.4 (+20) high-stress
 []


Underfull \hbox (badness 10000) in paragraph at lines 58--58
[]|\T1/ptm/b/n/14.4 (+20) Multiple
 []


Underfull \hbox (badness 10000) in paragraph at lines 58--58
\T1/ptm/b/n/14.4 (+20) Emer-gency
 []


Underfull \hbox (badness 10000) in paragraph at lines 58--58
[]|\T1/ptm/m/n/14.4 (+20) Medical,
 []


Underfull \hbox (badness 10000) in paragraph at lines 58--58
\T1/ptm/m/n/14.4 (+20) ac-ci-den-tal,
 []


Underfull \hbox (badness 10000) in paragraph at lines 58--58
\T1/ptm/m/n/14.4 (+20) and crime
 []


Underfull \hbox (badness 10000) in paragraph at lines 58--58
[]|\T1/ptm/m/n/14.4 (+20) All types
 []


Underfull \hbox (badness 10000) in paragraph at lines 58--58
\T1/ptm/m/n/14.4 (+20) but lim-ited
 []


Underfull \hbox (badness 10000) in paragraph at lines 58--59
[]|\T1/ptm/m/n/14.4 (+20) NO spe-cific
 []


Overfull \hbox (70.93759pt too wide) in alignment at lines 37--64
 [] [] [] [] [] 
 []

[8] [9]
Underfull \hbox (badness 10000) in paragraph at lines 70--74

 []


Underfull \hbox (badness 10000) in paragraph at lines 75--79

 []


Underfull \hbox (badness 10000) in paragraph at lines 80--85

 []

[10]
Underfull \hbox (badness 10000) in paragraph at lines 86--91

 []


Underfull \hbox (badness 10000) in paragraph at lines 92--97

 []


Underfull \hbox (badness 10000) in paragraph at lines 98--101

 []


Underfull \hbox (badness 10000) in paragraph at lines 102--103

 []

[11]
Underfull \hbox (badness 10000) in paragraph at lines 104--105

 []

)
Underfull \hbox (badness 10000) in paragraph at lines 106--71

 []

[12]
\openout2 = `body/requirementanalysis.aux'.

 (./body/requirementanalysis.tex
Chapter 3.
[13



]
LaTeX Font Info:    Trying to load font information for TS1+ptm on input line 25.
 (/usr/local/texlive/2024/texmf-dist/tex/latex/psnfss/ts1ptm.fd
File: ts1ptm.fd 2001/06/04 font definitions for TS1/ptm.
) [14] [15]
<./assets//design/initial-ui-design.png, id=432, 873.2625pt x 660.4675pt>
File: ./assets//design/initial-ui-design.png Graphic file (type png)
<use ./assets//design/initial-ui-design.png>
Package pdftex.def Info: ./assets//design/initial-ui-design.png  used on input line 79.
(pdftex.def)             Requested size: 376.42575pt x 284.70094pt.


LaTeX Warning: `h' float specifier changed to `ht'.

) [16] [17 <./assets//design/initial-ui-design.png>]
\openout2 = `body/softwarearchitecture.aux'.

 (./body/softwarearchitecture.tex
Chapter 4.
[18



] [19] [20]) [21]
\openout2 = `body/softwaredevelopment.aux'.

 (./body/softwaredevelopment.tex
Chapter 5.
<./assets//flows/business-workflow.png, id=491, 1284.8pt x 1216.545pt>
File: ./assets//flows/business-workflow.png Graphic file (type png)
<use ./assets//flows/business-workflow.png>
Package pdftex.def Info: ./assets//flows/business-workflow.png  used on input line 8.
(pdftex.def)             Requested size: 376.42575pt x 356.42735pt.

Underfull \vbox (badness 2042) has occurred while \output is active []

 [22



 <./assets//flows/business-workflow.png>] [23] [24] [25] [26]
Underfull \vbox (badness 7722) has occurred while \output is active []

 [27] [28] [29]
<./assets//design/mockup-overall.png, id=533, 747.79375pt x 562.1pt>
File: ./assets//design/mockup-overall.png Graphic file (type png)
<use ./assets//design/mockup-overall.png>
Package pdftex.def Info: ./assets//design/mockup-overall.png  used on input line 139.
(pdftex.def)             Requested size: 376.42575pt x 282.95338pt.


LaTeX Warning: `h' float specifier changed to `ht'.

<./assets//design/voice-detection.png, id=534, 200.75pt x 431.6125pt>
File: ./assets//design/voice-detection.png Graphic file (type png)
<use ./assets//design/voice-detection.png>
Package pdftex.def Info: ./assets//design/voice-detection.png  used on input line 146.
(pdftex.def)             Requested size: 83.64944pt x 179.84688pt.

LaTeX Warning: `h' float specifier changed to `ht'.

<./assets//design/guidance-generation.png, id=535, 213.79875pt x 526.96875pt>
File: ./assets//design/guidance-generation.png Graphic file (type png)
<use ./assets//design/guidance-generation.png>
Package pdftex.def Info: ./assets//design/guidance-generation.png  used on input line 157.
(pdftex.def)             Requested size: 83.64944pt x 206.17633pt.

LaTeX Warning: `h' float specifier changed to `ht'.

<./assets//design/script-generator.png, id=536, 198.7425pt x 460.72125pt>
File: ./assets//design/script-generator.png Graphic file (type png)
<use ./assets//design/script-generator.png>
Package pdftex.def Info: ./assets//design/script-generator.png  used on input line 165.
(pdftex.def)             Requested size: 83.64944pt x 193.91637pt.

LaTeX Warning: `h' float specifier changed to `ht'.

) [30] [31 <./assets//design/mockup-overall.png>] [32 <./assets//design/voice-detection.png> <./assets//design/guidance-generation.png>] [33 <./assets//design/script-generator.png>]
\openout2 = `body/deliverable.aux'.

 (./body/deliverable.tex
Chapter 6.
) [34



]
\openout2 = `body/discussion.aux'.

 (./body/discussion.tex
Chapter 7.
) [35



] (./common/onetextpage.tex) [36



] (./document.bbl
Underfull \hbox (badness 10000) in paragraph at lines 38--39
[]\T1/ptm/m/n/14.4 (+20) ``Voice recog-ni-tion sys-tem: Speech-to-text,'' []$https :
 []


Underfull \hbox (badness 10000) in paragraph at lines 38--39
\T1/ptm/m/n/14.4 (+20) / / www . researchgate . net / publication / 304651244 _ VOICE _
 []

) [37

]
\openout2 = `body/appendices.aux'.

 (./body/appendices.tex (./common/onetextpage.tex)
\c@nappendix=\count299
 [38


] [39

] [40

]
LaTeX Font Info:    Font shape `OT1/ptm/bx/n' in size <20.74> not available
(Font)              Font shape `OT1/ptm/b/n' tried instead on input line 19.
LaTeX Font Info:    Font shape `OT1/ptm/bx/n' in size <12> not available
(Font)              Font shape `OT1/ptm/b/n' tried instead on input line 19.
) [41

] (./document.aux (./partials/cover.aux) (./partials/innercover.aux) (./body/abstract.aux) (./body/acknowledgement.aux) (./body/introduction.aux) (./body/relatedworks.aux) (./body/requirementanalysis.aux) (./body/softwarearchitecture.aux) (./body/softwaredevelopment.aux) (./body/deliverable.aux) (./body/discussion.aux) (./body/appendices.aux))
 ***********
LaTeX2e <2023-11-01> patch level 1
L3 programming layer <2024-02-20>
 ***********
Package rerunfilecheck Info: File `document.out' has not changed.
(rerunfilecheck)             Checksum: 228AC457650F6DA4D740C58CC5FB321B;8939.
 ) 
Here is how much of TeX's memory you used:
 14759 strings out of 474116
 251357 string characters out of 5743683
 1950187 words of memory out of 5000000
 36360 multiletter control sequences out of 15000+600000
 628949 words of font info for 282 fonts, out of 8000000 for 9000
 1141 hyphenation exceptions out of 8191
 75i,12n,79p,1039b,720s stack positions out of 10000i,1000n,20000p,200000b,200000s
</usr/local/texlive/2024/texmf-dist/fonts/type1/public/amsfonts/cm/cmmi10.pfb></usr/local/texlive/2024/texmf-dist/fonts/type1/urw/times/utmb8a.pfb></usr/local/texlive/2024/texmf-dist/fonts/type1/urw/times/utmr8a.pfb></usr/local/texlive/2024/texmf-dist/fonts/type1/urw/times/utmri8a.pfb>
Output written on document.pdf (50 pages, 1521952 bytes).
PDF statistics:
 667 PDF objects out of 1000 (max. 8388607)
 587 compressed objects within 6 object streams
 183 named destinations out of 1000 (max. 500000)
 86972 words of extra memory for PDF output out of 89155 (max. 10000000)

